# JRE version: OpenJDK Runtime Environment (17.0.15+6) (build 17.0.15+6-Ubuntu-0ubuntu120.04)
# Java VM: OpenJDK 64-Bit Server VM (17.0.15+6-Ubuntu-0ubuntu120.04, mixed mode, sharing, tiered, compressed oops, compressed class ptrs, g1 gc, linux-amd64)
GC Precious Log:
 CPUs: 8 total, 8 available
 Memory: 7946M
 Large Page Support: Disabled
 NUMA Support: Disabled
 Compressed Oops: Enabled (32-bit)
 Heap Region Size: 1M
 Heap Min Capacity: 8M
 Heap Initial Capacity: 126M
 Heap Max Capacity: 1988M
 Pre-touch: Disabled
 Parallel Workers: 8
 Concurrent Workers: 2
 Concurrent Refinement Workers: 8
 Periodic GC: Disabled
Heap:
 garbage-first heap   total 174080K, used 112677K [0x0000000083c00000, 0x0000000100000000)
  region size 1024K, 33 young (33792K), 1 survivors (1024K)
 Metaspace       used 91455K, committed 91968K, reserved 1179648K
  class space    used 11643K, committed 11904K, reserved 1048576K
GC Heap History (20 events):
Event: 38.806 GC heap before
{Heap before GC invocations=17 (full 0):
 garbage-first heap   total 157696K, used 119704K [0x0000000083c00000, 0x0000000100000000)
  region size 1024K, 58 young (59392K), 10 survivors (10240K)
 Metaspace       used 73068K, committed 73600K, reserved 1114112K
  class space    used 9037K, committed 9280K, reserved 1048576K
}
Event: 38.820 GC heap after
{Heap after GC invocations=18 (full 0):
 garbage-first heap   total 157696K, used 81721K [0x0000000083c00000, 0x0000000100000000)
  region size 1024K, 8 young (8192K), 8 survivors (8192K)
 Metaspace       used 73068K, committed 73600K, reserved 1114112K
  class space    used 9037K, committed 9280K, reserved 1048576K
}
Event: 41.082 GC heap before
{Heap before GC invocations=18 (full 0):
 garbage-first heap   total 157696K, used 119609K [0x0000000083c00000, 0x0000000100000000)
  region size 1024K, 46 young (47104K), 8 survivors (8192K)
 Metaspace       used 78637K, committed 79104K, reserved 1179648K
  class space    used 9907K, committed 10112K, reserved 1048576K
}
Event: 41.090 GC heap after
{Heap after GC invocations=19 (full 0):
 garbage-first heap   total 157696K, used 84890K [0x0000000083c00000, 0x0000000100000000)
  region size 1024K, 2 young (2048K), 2 survivors (2048K)
 Metaspace       used 78637K, committed 79104K, reserved 1179648K
  class space    used 9907K, committed 10112K, reserved 1048576K
}
Event: 44.904 GC heap before
{Heap before GC invocations=20 (full 0):
 garbage-first heap   total 157696K, used 117658K [0x0000000083c00000, 0x0000000100000000)
  region size 1024K, 40 young (40960K), 2 survivors (2048K)
 Metaspace       used 83202K, committed 83648K, reserved 1179648K
  class space    used 10584K, committed 10816K, reserved 1048576K
}
Event: 44.908 GC heap after
{Heap after GC invocations=21 (full 0):
 garbage-first heap   total 157696K, used 81365K [0x0000000083c00000, 0x0000000100000000)
  region size 1024K, 5 young (5120K), 5 survivors (5120K)
 Metaspace       used 83202K, committed 83648K, reserved 1179648K
  class space    used 10584K, committed 10816K, reserved 1048576K
}
Event: 44.914 GC heap before
{Heap before GC invocations=21 (full 0):
 garbage-first heap   total 157696K, used 83413K [0x0000000083c00000, 0x0000000100000000)
  region size 1024K, 7 young (7168K), 5 survivors (5120K)
 Metaspace       used 83209K, committed 83648K, reserved 1179648K
  class space    used 10584K, committed 10816K, reserved 1048576K
}
Event: 44.919 GC heap after
{Heap after GC invocations=22 (full 0):
 garbage-first heap   total 157696K, used 79053K [0x0000000083c00000, 0x0000000100000000)
  region size 1024K, 1 young (1024K), 1 survivors (1024K)
 Metaspace       used 83209K, committed 83648K, reserved 1179648K
  class space    used 10584K, committed 10816K, reserved 1048576K
}
Event: 71.039 GC heap before
{Heap before GC invocations=22 (full 0):
 garbage-first heap   total 157696K, used 122061K [0x0000000083c00000, 0x0000000100000000)
  region size 1024K, 44 young (45056K), 1 survivors (1024K)
 Metaspace       used 88024K, committed 88512K, reserved 1179648K
  class space    used 11217K, committed 11456K, reserved 1048576K
}
Event: 71.044 GC heap after
{Heap after GC invocations=23 (full 0):
 garbage-first heap   total 157696K, used 84861K [0x0000000083c00000, 0x0000000100000000)
  region size 1024K, 6 young (6144K), 6 survivors (6144K)
 Metaspace       used 88024K, committed 88512K, reserved 1179648K
  class space    used 11217K, committed 11456K, reserved 1048576K
}
Event: 71.517 GC heap before
{Heap before GC invocations=24 (full 0):
 garbage-first heap   total 157696K, used 123773K [0x0000000083c00000, 0x0000000100000000)
  region size 1024K, 45 young (46080K), 6 survivors (6144K)
 Metaspace       used 88029K, committed 88512K, reserved 1179648K
  class space    used 11217K, committed 11456K, reserved 1048576K
}
Event: 71.531 GC heap after
{Heap after GC invocations=25 (full 0):
 garbage-first heap   total 157696K, used 99791K [0x0000000083c00000, 0x0000000100000000)
  region size 1024K, 6 young (6144K), 6 survivors (6144K)
 Metaspace       used 88029K, committed 88512K, reserved 1179648K
  class space    used 11217K, committed 11456K, reserved 1048576K
}
Event: 71.533 GC heap before
{Heap before GC invocations=25 (full 0):
 garbage-first heap   total 157696K, used 100815K [0x0000000083c00000, 0x0000000100000000)
  region size 1024K, 7 young (7168K), 6 survivors (6144K)
 Metaspace       used 88029K, committed 88512K, reserved 1179648K
  class space    used 11217K, committed 11456K, reserved 1048576K
}
Event: 71.539 GC heap after
{Heap after GC invocations=26 (full 0):
 garbage-first heap   total 157696K, used 91775K [0x0000000083c00000, 0x0000000100000000)
  region size 1024K, 1 young (1024K), 1 survivors (1024K)
 Metaspace       used 88029K, committed 88512K, reserved 1179648K
  class space    used 11217K, committed 11456K, reserved 1048576K
}
Event: 72.806 GC heap before
{Heap before GC invocations=26 (full 0):
 garbage-first heap   total 157696K, used 119423K [0x0000000083c00000, 0x0000000100000000)
  region size 1024K, 29 young (29696K), 1 survivors (1024K)
 Metaspace       used 89313K, committed 89792K, reserved 1179648K
  class space    used 11345K, committed 11584K, reserved 1048576K
}
Event: 72.813 GC heap after
{Heap after GC invocations=27 (full 0):
 garbage-first heap   total 157696K, used 94730K [0x0000000083c00000, 0x0000000100000000)
  region size 1024K, 4 young (4096K), 4 survivors (4096K)
 Metaspace       used 89313K, committed 89792K, reserved 1179648K
  class space    used 11345K, committed 11584K, reserved 1048576K
}
Event: 73.299 GC heap before
{Heap before GC invocations=28 (full 0):
 garbage-first heap   total 174080K, used 115210K [0x0000000083c00000, 0x0000000100000000)
  region size 1024K, 31 young (31744K), 4 survivors (4096K)
 Metaspace       used 89560K, committed 90048K, reserved 1179648K
  class space    used 11379K, committed 11648K, reserved 1048576K
}
Event: 73.313 GC heap after
{Heap after GC invocations=29 (full 0):
 garbage-first heap   total 174080K, used 87363K [0x0000000083c00000, 0x0000000100000000)
  region size 1024K, 4 young (4096K), 4 survivors (4096K)
 Metaspace       used 89560K, committed 90048K, reserved 1179648K
  class space    used 11379K, committed 11648K, reserved 1048576K
}
Event: 73.399 GC heap before
{Heap before GC invocations=29 (full 0):
 garbage-first heap   total 174080K, used 92483K [0x0000000083c00000, 0x0000000100000000)
  region size 1024K, 8 young (8192K), 4 survivors (4096K)
 Metaspace       used 89634K, committed 90112K, reserved 1179648K
  class space    used 11389K, committed 11648K, reserved 1048576K
}
Event: 73.405 GC heap after
{Heap after GC invocations=30 (full 0):
 garbage-first heap   total 174080K, used 80933K [0x0000000083c00000, 0x0000000100000000)
  region size 1024K, 1 young (1024K), 1 survivors (1024K)
 Metaspace       used 89634K, committed 90112K, reserved 1179648K
  class space    used 11389K, committed 11648K, reserved 1048576K
}

